<?xml version="1.0" encoding="UTF-8"?>
<TestRun id="682b4d11-0b7d-4986-ae59-877a8e20a844" name="Administrator@WIN-0K4T79BK01O 2012-04-18 22:40:50" runUser="WIN-0K4T79BK01O\Administrator" xmlns="http://microsoft.com/schemas/VisualStudio/TeamTest/2010">
  <TestSettings name="本地" id="f872862b-a01e-49d3-a1c2-78a2634ead2f">
    <Description>这些设置为本地测试运行的默认测试设置。</Description>
    <Deployment enabled="false" runDeploymentRoot="Administrator_WIN-0K4T79BK01O 2012-04-18 22_40_50">
      <DeploymentItem filename="e:\Projects\BowlingGame\BowlingGame\bin\Debug\BowlingGame.exe" />
      <DeploymentItem filename="e:\Projects\BowlingGame\TestProject2\nunit.framework.dll" />
    </Deployment>
    <Execution>
      <TestTypeSpecific />
      <AgentRule name="Execution Agents">
      </AgentRule>
    </Execution>
  </TestSettings>
  <Times creation="2012-04-18T22:40:50.0514197+08:00" queuing="2012-04-18T22:40:51.0634776+08:00" start="2012-04-18T22:40:51.1894848+08:00" finish="2012-04-18T22:40:52.2705466+08:00" />
  <ResultSummary outcome="Completed">
    <Counters total="9" executed="9" passed="9" error="0" failed="0" timeout="0" aborted="0" inconclusive="0" passedButRunAborted="0" notRunnable="0" notExecuted="0" disconnected="0" warning="0" completed="0" inProgress="0" pending="0" />
  </ResultSummary>
  <TestDefinitions>
    <UnitTest name="TestEndOfArray" storage="e:\projects\bowlinggame\testproject2\bin\debug\testproject2.dll" id="59df9494-dfff-595e-9c5f-baa6b14a2997">
      <Execution id="c2faa840-859b-425f-8a52-4866e1f632f6" />
      <TestMethod codeBase="e:/Projects/BowlingGame/TestProject2/bin/Debug/TestProject2.DLL" adapterTypeName="Microsoft.VisualStudio.TestTools.TestTypes.Unit.UnitTestAdapter, Microsoft.VisualStudio.QualityTools.Tips.UnitTest.Adapter, Version=10.0.0.0, Culture=neutral, PublicKeyToken=b03f5f7f11d50a3a" className="GameTest, TestProject2, Version=1.0.0.0, Culture=neutral, PublicKeyToken=null" name="TestEndOfArray" />
    </UnitTest>
    <UnitTest name="TestHeartBreak" storage="e:\projects\bowlinggame\testproject2\bin\debug\testproject2.dll" id="b6a3027d-cfe4-9ad8-60f0-ae70202bb49b">
      <Execution id="57d8b9f1-9ace-4f72-a51a-2cdf76077a23" />
      <TestMethod codeBase="e:/Projects/BowlingGame/TestProject2/bin/Debug/TestProject2.DLL" adapterTypeName="Microsoft.VisualStudio.TestTools.TestTypes.Unit.UnitTestAdapter, Microsoft.VisualStudio.QualityTools.Tips.UnitTest.Adapter, Version=10.0.0.0, Culture=neutral, PublicKeyToken=b03f5f7f11d50a3a" className="GameTest, TestProject2, Version=1.0.0.0, Culture=neutral, PublicKeyToken=null" name="TestHeartBreak" />
    </UnitTest>
    <UnitTest name="TestSimpleFrameAfterSpare" storage="e:\projects\bowlinggame\testproject2\bin\debug\testproject2.dll" id="04135ee3-a2e0-fa22-42de-0ac57e200f10">
      <Execution id="87030c85-206a-4a8f-8648-4fefa838f3cc" />
      <TestMethod codeBase="e:/Projects/BowlingGame/TestProject2/bin/Debug/TestProject2.DLL" adapterTypeName="Microsoft.VisualStudio.TestTools.TestTypes.Unit.UnitTestAdapter, Microsoft.VisualStudio.QualityTools.Tips.UnitTest.Adapter, Version=10.0.0.0, Culture=neutral, PublicKeyToken=b03f5f7f11d50a3a" className="GameTest, TestProject2, Version=1.0.0.0, Culture=neutral, PublicKeyToken=null" name="TestSimpleFrameAfterSpare" />
    </UnitTest>
    <UnitTest name="TestFourThrowsNoMark" storage="e:\projects\bowlinggame\testproject2\bin\debug\testproject2.dll" id="0a8f0ad1-b7ef-eac7-cc8b-54c6ff61d764">
      <Execution id="c65c12f6-532f-497f-a5e7-06c3aba34286" />
      <TestMethod codeBase="e:/Projects/BowlingGame/TestProject2/bin/Debug/TestProject2.DLL" adapterTypeName="Microsoft.VisualStudio.TestTools.TestTypes.Unit.UnitTestAdapter, Microsoft.VisualStudio.QualityTools.Tips.UnitTest.Adapter, Version=10.0.0.0, Culture=neutral, PublicKeyToken=b03f5f7f11d50a3a" className="GameTest, TestProject2, Version=1.0.0.0, Culture=neutral, PublicKeyToken=null" name="TestFourThrowsNoMark" />
    </UnitTest>
    <UnitTest name="TestTwoThrowsNoMark" storage="e:\projects\bowlinggame\testproject2\bin\debug\testproject2.dll" id="6ab79bfc-5949-4c0b-ffce-681d0997ffeb">
      <Execution id="3bbd18ad-775f-4d4a-945f-3b1edcbde176" />
      <TestMethod codeBase="e:/Projects/BowlingGame/TestProject2/bin/Debug/TestProject2.DLL" adapterTypeName="Microsoft.VisualStudio.TestTools.TestTypes.Unit.UnitTestAdapter, Microsoft.VisualStudio.QualityTools.Tips.UnitTest.Adapter, Version=10.0.0.0, Culture=neutral, PublicKeyToken=b03f5f7f11d50a3a" className="GameTest, TestProject2, Version=1.0.0.0, Culture=neutral, PublicKeyToken=null" name="TestTwoThrowsNoMark" />
    </UnitTest>
    <UnitTest name="TestTenthFrameSpare" storage="e:\projects\bowlinggame\testproject2\bin\debug\testproject2.dll" id="f5de30d3-89de-aa9b-2948-f601e82fa4ef">
      <Execution id="3e46c820-7363-4eee-8ad4-f53f994a0997" />
      <TestMethod codeBase="e:/Projects/BowlingGame/TestProject2/bin/Debug/TestProject2.DLL" adapterTypeName="Microsoft.VisualStudio.TestTools.TestTypes.Unit.UnitTestAdapter, Microsoft.VisualStudio.QualityTools.Tips.UnitTest.Adapter, Version=10.0.0.0, Culture=neutral, PublicKeyToken=b03f5f7f11d50a3a" className="GameTest, TestProject2, Version=1.0.0.0, Culture=neutral, PublicKeyToken=null" name="TestTenthFrameSpare" />
    </UnitTest>
    <UnitTest name="TestSampleGame" storage="e:\projects\bowlinggame\testproject2\bin\debug\testproject2.dll" id="38ceed33-46af-960e-5121-f27adf2951c6">
      <Execution id="2059d6b7-ac71-44bb-b0f7-2dd0a559d682" />
      <TestMethod codeBase="e:/Projects/BowlingGame/TestProject2/bin/Debug/TestProject2.DLL" adapterTypeName="Microsoft.VisualStudio.TestTools.TestTypes.Unit.UnitTestAdapter, Microsoft.VisualStudio.QualityTools.Tips.UnitTest.Adapter, Version=10.0.0.0, Culture=neutral, PublicKeyToken=b03f5f7f11d50a3a" className="GameTest, TestProject2, Version=1.0.0.0, Culture=neutral, PublicKeyToken=null" name="TestSampleGame" />
    </UnitTest>
    <UnitTest name="TestSimpleSpare" storage="e:\projects\bowlinggame\testproject2\bin\debug\testproject2.dll" id="b722181e-230d-cb37-7618-63bd7e032d6c">
      <Execution id="9a56f78a-5689-448f-9eec-7f51a20b398c" />
      <TestMethod codeBase="e:/Projects/BowlingGame/TestProject2/bin/Debug/TestProject2.DLL" adapterTypeName="Microsoft.VisualStudio.TestTools.TestTypes.Unit.UnitTestAdapter, Microsoft.VisualStudio.QualityTools.Tips.UnitTest.Adapter, Version=10.0.0.0, Culture=neutral, PublicKeyToken=b03f5f7f11d50a3a" className="GameTest, TestProject2, Version=1.0.0.0, Culture=neutral, PublicKeyToken=null" name="TestSimpleSpare" />
    </UnitTest>
    <UnitTest name="TestSimpleStrike" storage="e:\projects\bowlinggame\testproject2\bin\debug\testproject2.dll" id="58af7c17-bd28-10f5-15b6-90025c5cd184">
      <Execution id="b11d7e0d-58cb-4324-983e-ee69641090db" />
      <TestMethod codeBase="e:/Projects/BowlingGame/TestProject2/bin/Debug/TestProject2.DLL" adapterTypeName="Microsoft.VisualStudio.TestTools.TestTypes.Unit.UnitTestAdapter, Microsoft.VisualStudio.QualityTools.Tips.UnitTest.Adapter, Version=10.0.0.0, Culture=neutral, PublicKeyToken=b03f5f7f11d50a3a" className="GameTest, TestProject2, Version=1.0.0.0, Culture=neutral, PublicKeyToken=null" name="TestSimpleStrike" />
    </UnitTest>
  </TestDefinitions>
  <TestLists>
    <TestList name="列表中未列出的结果" id="8c84fa94-04c1-424b-9868-57a2d4851a1d" />
    <TestList name="所有已加载的结果" id="19431567-8539-422a-85d7-44ee4e166bda" />
  </TestLists>
  <TestEntries>
    <TestEntry testId="6ab79bfc-5949-4c0b-ffce-681d0997ffeb" executionId="3bbd18ad-775f-4d4a-945f-3b1edcbde176" testListId="8c84fa94-04c1-424b-9868-57a2d4851a1d" />
    <TestEntry testId="0a8f0ad1-b7ef-eac7-cc8b-54c6ff61d764" executionId="c65c12f6-532f-497f-a5e7-06c3aba34286" testListId="8c84fa94-04c1-424b-9868-57a2d4851a1d" />
    <TestEntry testId="b722181e-230d-cb37-7618-63bd7e032d6c" executionId="9a56f78a-5689-448f-9eec-7f51a20b398c" testListId="8c84fa94-04c1-424b-9868-57a2d4851a1d" />
    <TestEntry testId="04135ee3-a2e0-fa22-42de-0ac57e200f10" executionId="87030c85-206a-4a8f-8648-4fefa838f3cc" testListId="8c84fa94-04c1-424b-9868-57a2d4851a1d" />
    <TestEntry testId="58af7c17-bd28-10f5-15b6-90025c5cd184" executionId="b11d7e0d-58cb-4324-983e-ee69641090db" testListId="8c84fa94-04c1-424b-9868-57a2d4851a1d" />
    <TestEntry testId="59df9494-dfff-595e-9c5f-baa6b14a2997" executionId="c2faa840-859b-425f-8a52-4866e1f632f6" testListId="8c84fa94-04c1-424b-9868-57a2d4851a1d" />
    <TestEntry testId="b6a3027d-cfe4-9ad8-60f0-ae70202bb49b" executionId="57d8b9f1-9ace-4f72-a51a-2cdf76077a23" testListId="8c84fa94-04c1-424b-9868-57a2d4851a1d" />
    <TestEntry testId="f5de30d3-89de-aa9b-2948-f601e82fa4ef" executionId="3e46c820-7363-4eee-8ad4-f53f994a0997" testListId="8c84fa94-04c1-424b-9868-57a2d4851a1d" />
    <TestEntry testId="38ceed33-46af-960e-5121-f27adf2951c6" executionId="2059d6b7-ac71-44bb-b0f7-2dd0a559d682" testListId="8c84fa94-04c1-424b-9868-57a2d4851a1d" />
  </TestEntries>
  <Results>
    <UnitTestResult executionId="3bbd18ad-775f-4d4a-945f-3b1edcbde176" testId="6ab79bfc-5949-4c0b-ffce-681d0997ffeb" testName="TestTwoThrowsNoMark" computerName="WIN-0K4T79BK01O" duration="00:00:00.0241848" startTime="2012-04-18T22:40:51.3164921+08:00" endTime="2012-04-18T22:40:51.8955252+08:00" testType="13cdc9d9-ddb5-4fa4-a97d-d965ccfc6d4b" outcome="Passed" testListId="8c84fa94-04c1-424b-9868-57a2d4851a1d" relativeResultsDirectory="3bbd18ad-775f-4d4a-945f-3b1edcbde176">
    </UnitTestResult>
    <UnitTestResult executionId="c65c12f6-532f-497f-a5e7-06c3aba34286" testId="0a8f0ad1-b7ef-eac7-cc8b-54c6ff61d764" testName="TestFourThrowsNoMark" computerName="WIN-0K4T79BK01O" duration="00:00:00.0003392" startTime="2012-04-18T22:40:51.9135262+08:00" endTime="2012-04-18T22:40:51.9295271+08:00" testType="13cdc9d9-ddb5-4fa4-a97d-d965ccfc6d4b" outcome="Passed" testListId="8c84fa94-04c1-424b-9868-57a2d4851a1d" relativeResultsDirectory="c65c12f6-532f-497f-a5e7-06c3aba34286">
    </UnitTestResult>
    <UnitTestResult executionId="9a56f78a-5689-448f-9eec-7f51a20b398c" testId="b722181e-230d-cb37-7618-63bd7e032d6c" testName="TestSimpleSpare" computerName="WIN-0K4T79BK01O" duration="00:00:00.0003520" startTime="2012-04-18T22:40:51.9375276+08:00" endTime="2012-04-18T22:40:51.9485282+08:00" testType="13cdc9d9-ddb5-4fa4-a97d-d965ccfc6d4b" outcome="Passed" testListId="8c84fa94-04c1-424b-9868-57a2d4851a1d" relativeResultsDirectory="9a56f78a-5689-448f-9eec-7f51a20b398c">
    </UnitTestResult>
    <UnitTestResult executionId="87030c85-206a-4a8f-8648-4fefa838f3cc" testId="04135ee3-a2e0-fa22-42de-0ac57e200f10" testName="TestSimpleFrameAfterSpare" computerName="WIN-0K4T79BK01O" duration="00:00:00.0003363" startTime="2012-04-18T22:40:51.9595289+08:00" endTime="2012-04-18T22:40:51.9715295+08:00" testType="13cdc9d9-ddb5-4fa4-a97d-d965ccfc6d4b" outcome="Passed" testListId="8c84fa94-04c1-424b-9868-57a2d4851a1d" relativeResultsDirectory="87030c85-206a-4a8f-8648-4fefa838f3cc">
    </UnitTestResult>
    <UnitTestResult executionId="b11d7e0d-58cb-4324-983e-ee69641090db" testId="58af7c17-bd28-10f5-15b6-90025c5cd184" testName="TestSimpleStrike" computerName="WIN-0K4T79BK01O" duration="00:00:00.0004385" startTime="2012-04-18T22:40:51.9805301+08:00" endTime="2012-04-18T22:40:51.9955309+08:00" testType="13cdc9d9-ddb5-4fa4-a97d-d965ccfc6d4b" outcome="Passed" testListId="8c84fa94-04c1-424b-9868-57a2d4851a1d" relativeResultsDirectory="b11d7e0d-58cb-4324-983e-ee69641090db">
    </UnitTestResult>
    <UnitTestResult executionId="c2faa840-859b-425f-8a52-4866e1f632f6" testId="59df9494-dfff-595e-9c5f-baa6b14a2997" testName="TestEndOfArray" computerName="WIN-0K4T79BK01O" duration="00:00:00.0003070" startTime="2012-04-18T22:40:52.0075316+08:00" endTime="2012-04-18T22:40:52.0195323+08:00" testType="13cdc9d9-ddb5-4fa4-a97d-d965ccfc6d4b" outcome="Passed" testListId="8c84fa94-04c1-424b-9868-57a2d4851a1d" relativeResultsDirectory="c2faa840-859b-425f-8a52-4866e1f632f6">
    </UnitTestResult>
    <UnitTestResult executionId="57d8b9f1-9ace-4f72-a51a-2cdf76077a23" testId="b6a3027d-cfe4-9ad8-60f0-ae70202bb49b" testName="TestHeartBreak" computerName="WIN-0K4T79BK01O" duration="00:00:00.0003114" startTime="2012-04-18T22:40:52.0275327+08:00" endTime="2012-04-18T22:40:52.0415335+08:00" testType="13cdc9d9-ddb5-4fa4-a97d-d965ccfc6d4b" outcome="Passed" testListId="8c84fa94-04c1-424b-9868-57a2d4851a1d" relativeResultsDirectory="57d8b9f1-9ace-4f72-a51a-2cdf76077a23">
    </UnitTestResult>
    <UnitTestResult executionId="3e46c820-7363-4eee-8ad4-f53f994a0997" testId="f5de30d3-89de-aa9b-2948-f601e82fa4ef" testName="TestTenthFrameSpare" computerName="WIN-0K4T79BK01O" duration="00:00:00.0003534" startTime="2012-04-18T22:40:52.0485339+08:00" endTime="2012-04-18T22:40:52.0645349+08:00" testType="13cdc9d9-ddb5-4fa4-a97d-d965ccfc6d4b" outcome="Passed" testListId="8c84fa94-04c1-424b-9868-57a2d4851a1d" relativeResultsDirectory="3e46c820-7363-4eee-8ad4-f53f994a0997">
    </UnitTestResult>
    <UnitTestResult executionId="2059d6b7-ac71-44bb-b0f7-2dd0a559d682" testId="38ceed33-46af-960e-5121-f27adf2951c6" testName="TestSampleGame" computerName="WIN-0K4T79BK01O" duration="00:00:00.0004008" startTime="2012-04-18T22:40:52.0875362+08:00" endTime="2012-04-18T22:40:52.1025370+08:00" testType="13cdc9d9-ddb5-4fa4-a97d-d965ccfc6d4b" outcome="Passed" testListId="8c84fa94-04c1-424b-9868-57a2d4851a1d" relativeResultsDirectory="2059d6b7-ac71-44bb-b0f7-2dd0a559d682">
    </UnitTestResult>
  </Results>
</TestRun>